<?xml version="1.0" encoding="UTF-8"?>
<testng-results skipped="0" failed="0" ignored="0" total="1" passed="1">
  <reporter-output>
    <line>
      <![CDATA[HI]]>
    </line>
  </reporter-output>
  <suite name="Suite" duration-ms="49" started-at="2019-01-23T10:31:28Z" finished-at="2019-01-23T10:31:28Z">
    <groups>
    </groups>
    <test name="Test" duration-ms="49" started-at="2019-01-23T10:31:28Z" finished-at="2019-01-23T10:31:28Z">
      <class name="qsp.DemoA">
        <test-method status="PASS" signature="testA()[pri:0, instance:qsp.DemoA@4678c730]" name="testA" duration-ms="11" started-at="2019-01-23T10:31:28Z" finished-at="2019-01-23T10:31:28Z">
          <reporter-output>
            <line>
              <![CDATA[HI]]>
            </line>
          </reporter-output>
        </test-method> <!-- testA -->
      </class> <!-- qsp.DemoA -->
    </test> <!-- Test -->
  </suite> <!-- Suite -->
</testng-results>
